c:\users\tom\desktop\studia\ekonometria\zadanie\hellwig\hellwig\hellwig\x64\debug\vc140.pdb
c:\users\tom\desktop\studia\ekonometria\zadanie\hellwig\hellwig\hellwig\x64\debug\hellwig.obj
c:\users\tom\desktop\studia\ekonometria\zadanie\hellwig\hellwig\hellwig\x64\debug\dataparser.obj
c:\users\tom\desktop\studia\ekonometria\zadanie\hellwig\hellwig\hellwig\x64\debug\qrc_hellwig.obj
c:\users\tom\desktop\studia\ekonometria\zadanie\hellwig\hellwig\hellwig\x64\debug\main.obj
c:\users\tom\desktop\studia\ekonometria\zadanie\hellwig\hellwig\hellwig\x64\debug\moc_hellwig.obj
c:\users\tom\desktop\studia\ekonometria\zadanie\hellwig\hellwig\hellwig\generatedfiles\qrc_hellwig.cpp
c:\users\tom\desktop\studia\ekonometria\zadanie\hellwig\hellwig\hellwig\generatedfiles\debug\moc_hellwig.cpp
c:\users\tom\desktop\studia\ekonometria\zadanie\hellwig\hellwig\hellwig\generatedfiles\ui_hellwig.h
c:\users\tom\desktop\studia\ekonometria\zadanie\hellwig\hellwig\x64\debug\hellwig.ilk
c:\users\tom\desktop\studia\ekonometria\zadanie\hellwig\hellwig\x64\debug\hellwig.exe
c:\users\tom\desktop\studia\ekonometria\zadanie\hellwig\hellwig\x64\debug\hellwig.pdb
c:\users\tom\desktop\studia\ekonometria\zadanie\po_hellwig\hellwig\x64\debug\dataparser.obj
c:\users\tom\desktop\studia\ekonometria\zadanie\po_hellwig\hellwig\x64\debug\hellwig.obj
c:\users\tom\desktop\studia\ekonometria\zadanie\po_hellwig\hellwig\x64\debug\main.obj
c:\users\tom\desktop\studia\ekonometria\zadanie\po_hellwig\hellwig\x64\debug\moc_hellwig.obj
c:\users\tom\desktop\studia\ekonometria\zadanie\po_hellwig\hellwig\x64\debug\qrc_hellwig.obj
c:\users\tom\desktop\studia\ekonometria\zadanie\po_hellwig\hellwig\x64\debug\vc140.pdb
c:\users\tom\desktop\studia\ekonometria\zadanie\po_hellwig\x64\debug\hellwig.pdb
c:\users\tom\desktop\studia\ekonometria\zadanie\po_hellwig\x64\debug\hellwig.exe
c:\users\tom\desktop\studia\ekonometria\zadanie\po_hellwig\x64\debug\hellwig.ilk
c:\users\tom\desktop\studia\ekonometria\zadanie\po_hellwig\hellwig\x64\debug\hellwig.tlog\cl.command.1.tlog
c:\users\tom\desktop\studia\ekonometria\zadanie\po_hellwig\hellwig\x64\debug\hellwig.tlog\cl.read.1.tlog
c:\users\tom\desktop\studia\ekonometria\zadanie\po_hellwig\hellwig\x64\debug\hellwig.tlog\cl.write.1.tlog
c:\users\tom\desktop\studia\ekonometria\zadanie\po_hellwig\hellwig\x64\debug\hellwig.tlog\custombuild.command.1.tlog
c:\users\tom\desktop\studia\ekonometria\zadanie\po_hellwig\hellwig\x64\debug\hellwig.tlog\custombuild.read.1.tlog
c:\users\tom\desktop\studia\ekonometria\zadanie\po_hellwig\hellwig\x64\debug\hellwig.tlog\custombuild.write.1.tlog
c:\users\tom\desktop\studia\ekonometria\zadanie\po_hellwig\hellwig\x64\debug\hellwig.tlog\link.command.1.tlog
c:\users\tom\desktop\studia\ekonometria\zadanie\po_hellwig\hellwig\x64\debug\hellwig.tlog\link.read.1.tlog
c:\users\tom\desktop\studia\ekonometria\zadanie\po_hellwig\hellwig\x64\debug\hellwig.tlog\link.write.1.tlog
